Traceback (most recent call last):
  File "/mnt/NAS/home/joe/hw6_task3.py", line 9, in <module>
    from transformers import AutoTokenizer, AutoModelForCausalLM
  File "<frozen importlib._bootstrap>", line 1075, in _handle_fromlist
  File "/mnt/NAS/VENV/user-conda/joe/miniconda3/envs/datasets/lib/python3.10/site-packages/transformers/utils/import_utils.py", line 2207, in __getattr__
    module = self._get_module(self._class_to_module[name])
  File "/mnt/NAS/VENV/user-conda/joe/miniconda3/envs/datasets/lib/python3.10/site-packages/transformers/utils/import_utils.py", line 2441, in _get_module
    raise e
  File "/mnt/NAS/VENV/user-conda/joe/miniconda3/envs/datasets/lib/python3.10/site-packages/transformers/utils/import_utils.py", line 2439, in _get_module
    return importlib.import_module("." + module_name, self.__name__)
  File "/mnt/NAS/VENV/user-conda/joe/miniconda3/envs/datasets/lib/python3.10/importlib/__init__.py", line 126, in import_module
    return _bootstrap._gcd_import(name[level:], package, level)
  File "/mnt/NAS/VENV/user-conda/joe/miniconda3/envs/datasets/lib/python3.10/site-packages/transformers/models/auto/tokenization_auto.py", line 37, in <module>
    from ..encoder_decoder import EncoderDecoderConfig
  File "<frozen importlib._bootstrap>", line 1075, in _handle_fromlist
  File "/mnt/NAS/VENV/user-conda/joe/miniconda3/envs/datasets/lib/python3.10/site-packages/transformers/utils/import_utils.py", line 2207, in __getattr__
    module = self._get_module(self._class_to_module[name])
  File "/mnt/NAS/VENV/user-conda/joe/miniconda3/envs/datasets/lib/python3.10/site-packages/transformers/utils/import_utils.py", line 2441, in _get_module
    raise e
  File "/mnt/NAS/VENV/user-conda/joe/miniconda3/envs/datasets/lib/python3.10/site-packages/transformers/utils/import_utils.py", line 2439, in _get_module
    return importlib.import_module("." + module_name, self.__name__)
  File "/mnt/NAS/VENV/user-conda/joe/miniconda3/envs/datasets/lib/python3.10/importlib/__init__.py", line 126, in import_module
    return _bootstrap._gcd_import(name[level:], package, level)
  File "/mnt/NAS/VENV/user-conda/joe/miniconda3/envs/datasets/lib/python3.10/site-packages/transformers/models/encoder_decoder/configuration_encoder_decoder.py", line 29, in <module>
    class EncoderDecoderConfig(PreTrainedConfig):
  File "/mnt/NAS/VENV/user-conda/joe/miniconda3/envs/datasets/lib/python3.10/site-packages/transformers/utils/auto_docstring.py", line 4504, in auto_docstring_decorator
    return auto_class_docstring(obj, custom_args=custom_args, custom_intro=custom_intro, checkpoint=checkpoint)
  File "/mnt/NAS/VENV/user-conda/joe/miniconda3/envs/datasets/lib/python3.10/site-packages/transformers/utils/auto_docstring.py", line 4250, in auto_class_docstring
    getattr(auto_module, PLACEHOLDER_TO_AUTO_MODULE["model_class"][0]),
  File "/mnt/NAS/VENV/user-conda/joe/miniconda3/envs/datasets/lib/python3.10/site-packages/transformers/utils/import_utils.py", line 2301, in __getattr__
    value = self._get_module(name)
  File "/mnt/NAS/VENV/user-conda/joe/miniconda3/envs/datasets/lib/python3.10/site-packages/transformers/utils/import_utils.py", line 2441, in _get_module
    raise e
  File "/mnt/NAS/VENV/user-conda/joe/miniconda3/envs/datasets/lib/python3.10/site-packages/transformers/utils/import_utils.py", line 2439, in _get_module
    return importlib.import_module("." + module_name, self.__name__)
  File "/mnt/NAS/VENV/user-conda/joe/miniconda3/envs/datasets/lib/python3.10/importlib/__init__.py", line 126, in import_module
    return _bootstrap._gcd_import(name[level:], package, level)
  File "/mnt/NAS/VENV/user-conda/joe/miniconda3/envs/datasets/lib/python3.10/site-packages/transformers/models/auto/modeling_auto.py", line 21, in <module>
    from .auto_factory import (
  File "/mnt/NAS/VENV/user-conda/joe/miniconda3/envs/datasets/lib/python3.10/site-packages/transformers/models/auto/auto_factory.py", line 43, in <module>
    from ...generation import GenerationMixin
  File "<frozen importlib._bootstrap>", line 1075, in _handle_fromlist
  File "/mnt/NAS/VENV/user-conda/joe/miniconda3/envs/datasets/lib/python3.10/site-packages/transformers/utils/import_utils.py", line 2207, in __getattr__
    module = self._get_module(self._class_to_module[name])
  File "/mnt/NAS/VENV/user-conda/joe/miniconda3/envs/datasets/lib/python3.10/site-packages/transformers/utils/import_utils.py", line 2441, in _get_module
    raise e
  File "/mnt/NAS/VENV/user-conda/joe/miniconda3/envs/datasets/lib/python3.10/site-packages/transformers/utils/import_utils.py", line 2439, in _get_module
    return importlib.import_module("." + module_name, self.__name__)
  File "/mnt/NAS/VENV/user-conda/joe/miniconda3/envs/datasets/lib/python3.10/importlib/__init__.py", line 126, in import_module
    return _bootstrap._gcd_import(name[level:], package, level)
  File "/mnt/NAS/VENV/user-conda/joe/miniconda3/envs/datasets/lib/python3.10/site-packages/transformers/generation/utils.py", line 53, in <module>
    from .candidate_generator import (
  File "/mnt/NAS/VENV/user-conda/joe/miniconda3/envs/datasets/lib/python3.10/site-packages/transformers/generation/candidate_generator.py", line 28, in <module>
    from sklearn.metrics import roc_curve
  File "/mnt/NAS/VENV/user-conda/joe/miniconda3/envs/datasets/lib/python3.10/site-packages/sklearn/__init__.py", line 73, in <module>
    from .base import clone  # noqa: E402
  File "/mnt/NAS/VENV/user-conda/joe/miniconda3/envs/datasets/lib/python3.10/site-packages/sklearn/base.py", line 19, in <module>
    from .utils._metadata_requests import _MetadataRequester, _routing_enabled
  File "/mnt/NAS/VENV/user-conda/joe/miniconda3/envs/datasets/lib/python3.10/site-packages/sklearn/utils/__init__.py", line 9, in <module>
    from ._chunking import gen_batches, gen_even_slices
  File "/mnt/NAS/VENV/user-conda/joe/miniconda3/envs/datasets/lib/python3.10/site-packages/sklearn/utils/_chunking.py", line 11, in <module>
    from ._param_validation import Interval, validate_params
  File "/mnt/NAS/VENV/user-conda/joe/miniconda3/envs/datasets/lib/python3.10/site-packages/sklearn/utils/_param_validation.py", line 17, in <module>
    from .validation import _is_arraylike_not_scalar
  File "/mnt/NAS/VENV/user-conda/joe/miniconda3/envs/datasets/lib/python3.10/site-packages/sklearn/utils/validation.py", line 21, in <module>
    from ..utils._array_api import _asarray_with_order, _is_numpy_namespace, get_namespace
  File "/mnt/NAS/VENV/user-conda/joe/miniconda3/envs/datasets/lib/python3.10/site-packages/sklearn/utils/_array_api.py", line 20, in <module>
    from .fixes import parse_version
  File "/mnt/NAS/VENV/user-conda/joe/miniconda3/envs/datasets/lib/python3.10/site-packages/sklearn/utils/fixes.py", line 16, in <module>
    import scipy.stats
  File "/mnt/NAS/VENV/user-conda/joe/miniconda3/envs/datasets/lib/python3.10/site-packages/scipy/stats/__init__.py", line 624, in <module>
    from ._stats_py import *
  File "/mnt/NAS/VENV/user-conda/joe/miniconda3/envs/datasets/lib/python3.10/site-packages/scipy/stats/_stats_py.py", line 41, in <module>
    from scipy.optimize import milp, LinearConstraint
  File "/mnt/NAS/VENV/user-conda/joe/miniconda3/envs/datasets/lib/python3.10/site-packages/scipy/optimize/__init__.py", line 437, in <module>
    from ._differentialevolution import differential_evolution
  File "/mnt/NAS/VENV/user-conda/joe/miniconda3/envs/datasets/lib/python3.10/site-packages/scipy/optimize/_differentialevolution.py", line 24, in <module>
    def differential_evolution(func, bounds, args=(), strategy='best1bin',
  File "/mnt/NAS/VENV/user-conda/joe/miniconda3/envs/datasets/lib/python3.10/site-packages/scipy/_lib/_util.py", line 453, in decorator
    doc = str(doc).split("\n", 1)[1]  # remove signature
  File "/mnt/NAS/VENV/user-conda/joe/miniconda3/envs/datasets/lib/python3.10/site-packages/scipy/_lib/_docscrape.py", line 611, in __str__
    out += super().__str__(func_role=self._role)
  File "/mnt/NAS/VENV/user-conda/joe/miniconda3/envs/datasets/lib/python3.10/site-packages/scipy/_lib/_docscrape.py", line 553, in __str__
    out += self._str_param_list("Parameters")
  File "/mnt/NAS/VENV/user-conda/joe/miniconda3/envs/datasets/lib/python3.10/site-packages/scipy/_lib/_docscrape.py", line 487, in _str_param_list
    out += self._str_indent(param.desc)
  File "/mnt/NAS/VENV/user-conda/joe/miniconda3/envs/datasets/lib/python3.10/site-packages/scipy/_lib/_docscrape.py", line 458, in _str_indent
    return [" " * indent + line for line in doc]
  File "/mnt/NAS/VENV/user-conda/joe/miniconda3/envs/datasets/lib/python3.10/site-packages/scipy/_lib/_docscrape.py", line 458, in <listcomp>
    return [" " * indent + line for line in doc]
SystemError: /home/task_176106454410947/conda-bld/python-split_1761064601249/work/Objects/listobject.c:336: bad argument to internal function
