Traceback (most recent call last):
  File "/mnt/NAS/home/joe/hw6_task3.py", line 9, in <module>
    from transformers import AutoTokenizer, AutoModelForCausalLM
  File "<frozen importlib._bootstrap>", line 1075, in _handle_fromlist
  File "/mnt/NAS/VENV/user-conda/joe/miniconda3/envs/datasets/lib/python3.10/site-packages/transformers/utils/import_utils.py", line 2207, in __getattr__
    module = self._get_module(self._class_to_module[name])
  File "/mnt/NAS/VENV/user-conda/joe/miniconda3/envs/datasets/lib/python3.10/site-packages/transformers/utils/import_utils.py", line 2441, in _get_module
    raise e
  File "/mnt/NAS/VENV/user-conda/joe/miniconda3/envs/datasets/lib/python3.10/site-packages/transformers/utils/import_utils.py", line 2439, in _get_module
    return importlib.import_module("." + module_name, self.__name__)
  File "/mnt/NAS/VENV/user-conda/joe/miniconda3/envs/datasets/lib/python3.10/importlib/__init__.py", line 126, in import_module
    return _bootstrap._gcd_import(name[level:], package, level)
  File "/mnt/NAS/VENV/user-conda/joe/miniconda3/envs/datasets/lib/python3.10/site-packages/transformers/models/auto/tokenization_auto.py", line 37, in <module>
    from ..encoder_decoder import EncoderDecoderConfig
  File "<frozen importlib._bootstrap>", line 1075, in _handle_fromlist
  File "/mnt/NAS/VENV/user-conda/joe/miniconda3/envs/datasets/lib/python3.10/site-packages/transformers/utils/import_utils.py", line 2207, in __getattr__
    module = self._get_module(self._class_to_module[name])
  File "/mnt/NAS/VENV/user-conda/joe/miniconda3/envs/datasets/lib/python3.10/site-packages/transformers/utils/import_utils.py", line 2441, in _get_module
    raise e
  File "/mnt/NAS/VENV/user-conda/joe/miniconda3/envs/datasets/lib/python3.10/site-packages/transformers/utils/import_utils.py", line 2439, in _get_module
    return importlib.import_module("." + module_name, self.__name__)
  File "/mnt/NAS/VENV/user-conda/joe/miniconda3/envs/datasets/lib/python3.10/importlib/__init__.py", line 126, in import_module
    return _bootstrap._gcd_import(name[level:], package, level)
  File "/mnt/NAS/VENV/user-conda/joe/miniconda3/envs/datasets/lib/python3.10/site-packages/transformers/models/encoder_decoder/configuration_encoder_decoder.py", line 29, in <module>
    class EncoderDecoderConfig(PreTrainedConfig):
  File "/mnt/NAS/VENV/user-conda/joe/miniconda3/envs/datasets/lib/python3.10/site-packages/transformers/utils/auto_docstring.py", line 4504, in auto_docstring_decorator
    return auto_class_docstring(obj, custom_args=custom_args, custom_intro=custom_intro, checkpoint=checkpoint)
  File "/mnt/NAS/VENV/user-conda/joe/miniconda3/envs/datasets/lib/python3.10/site-packages/transformers/utils/auto_docstring.py", line 4250, in auto_class_docstring
    getattr(auto_module, PLACEHOLDER_TO_AUTO_MODULE["model_class"][0]),
  File "/mnt/NAS/VENV/user-conda/joe/miniconda3/envs/datasets/lib/python3.10/site-packages/transformers/utils/import_utils.py", line 2301, in __getattr__
    value = self._get_module(name)
  File "/mnt/NAS/VENV/user-conda/joe/miniconda3/envs/datasets/lib/python3.10/site-packages/transformers/utils/import_utils.py", line 2441, in _get_module
    raise e
  File "/mnt/NAS/VENV/user-conda/joe/miniconda3/envs/datasets/lib/python3.10/site-packages/transformers/utils/import_utils.py", line 2439, in _get_module
    return importlib.import_module("." + module_name, self.__name__)
  File "/mnt/NAS/VENV/user-conda/joe/miniconda3/envs/datasets/lib/python3.10/importlib/__init__.py", line 126, in import_module
    return _bootstrap._gcd_import(name[level:], package, level)
  File "/mnt/NAS/VENV/user-conda/joe/miniconda3/envs/datasets/lib/python3.10/site-packages/transformers/models/auto/modeling_auto.py", line 21, in <module>
    from .auto_factory import (
  File "/mnt/NAS/VENV/user-conda/joe/miniconda3/envs/datasets/lib/python3.10/site-packages/transformers/models/auto/auto_factory.py", line 43, in <module>
    from ...generation import GenerationMixin
  File "<frozen importlib._bootstrap>", line 1075, in _handle_fromlist
  File "/mnt/NAS/VENV/user-conda/joe/miniconda3/envs/datasets/lib/python3.10/site-packages/transformers/utils/import_utils.py", line 2207, in __getattr__
    module = self._get_module(self._class_to_module[name])
  File "/mnt/NAS/VENV/user-conda/joe/miniconda3/envs/datasets/lib/python3.10/site-packages/transformers/utils/import_utils.py", line 2441, in _get_module
    raise e
  File "/mnt/NAS/VENV/user-conda/joe/miniconda3/envs/datasets/lib/python3.10/site-packages/transformers/utils/import_utils.py", line 2439, in _get_module
    return importlib.import_module("." + module_name, self.__name__)
  File "/mnt/NAS/VENV/user-conda/joe/miniconda3/envs/datasets/lib/python3.10/importlib/__init__.py", line 126, in import_module
    return _bootstrap._gcd_import(name[level:], package, level)
  File "/mnt/NAS/VENV/user-conda/joe/miniconda3/envs/datasets/lib/python3.10/site-packages/transformers/generation/utils.py", line 53, in <module>
    from .candidate_generator import (
  File "/mnt/NAS/VENV/user-conda/joe/miniconda3/envs/datasets/lib/python3.10/site-packages/transformers/generation/candidate_generator.py", line 28, in <module>
    from sklearn.metrics import roc_curve
  File "/mnt/NAS/VENV/user-conda/joe/miniconda3/envs/datasets/lib/python3.10/site-packages/sklearn/__init__.py", line 73, in <module>
    from .base import clone  # noqa: E402
  File "/mnt/NAS/VENV/user-conda/joe/miniconda3/envs/datasets/lib/python3.10/site-packages/sklearn/base.py", line 19, in <module>
    from .utils._metadata_requests import _MetadataRequester, _routing_enabled
  File "/mnt/NAS/VENV/user-conda/joe/miniconda3/envs/datasets/lib/python3.10/site-packages/sklearn/utils/__init__.py", line 9, in <module>
    from ._chunking import gen_batches, gen_even_slices
  File "/mnt/NAS/VENV/user-conda/joe/miniconda3/envs/datasets/lib/python3.10/site-packages/sklearn/utils/_chunking.py", line 11, in <module>
    from ._param_validation import Interval, validate_params
  File "/mnt/NAS/VENV/user-conda/joe/miniconda3/envs/datasets/lib/python3.10/site-packages/sklearn/utils/_param_validation.py", line 14, in <module>
    from scipy.sparse import csr_matrix, issparse
  File "/mnt/NAS/VENV/user-conda/joe/miniconda3/envs/datasets/lib/python3.10/site-packages/scipy/sparse/__init__.py", line 300, in <module>
    from ._base import *
  File "/mnt/NAS/VENV/user-conda/joe/miniconda3/envs/datasets/lib/python3.10/site-packages/scipy/sparse/_base.py", line 5, in <module>
    from ._sputils import (asmatrix, check_reshape_kwargs, check_shape,
  File "/mnt/NAS/VENV/user-conda/joe/miniconda3/envs/datasets/lib/python3.10/site-packages/scipy/sparse/_sputils.py", line 10, in <module>
    from scipy._lib._util import np_long, np_ulong
  File "/mnt/NAS/VENV/user-conda/joe/miniconda3/envs/datasets/lib/python3.10/site-packages/scipy/_lib/_util.py", line 13, in <module>
    from scipy._lib._array_api import array_namespace, is_numpy, xp_size
  File "/mnt/NAS/VENV/user-conda/joe/miniconda3/envs/datasets/lib/python3.10/site-packages/scipy/_lib/_array_api.py", line 18, in <module>
    from scipy._lib.array_api_compat import (
  File "/mnt/NAS/VENV/user-conda/joe/miniconda3/envs/datasets/lib/python3.10/site-packages/scipy/_lib/array_api_compat/numpy/__init__.py", line 1, in <module>
    from numpy import * # noqa: F403
  File "<frozen importlib._bootstrap>", line 1073, in _handle_fromlist
  File "<frozen importlib._bootstrap>", line 1075, in _handle_fromlist
  File "/mnt/NAS/VENV/user-conda/joe/miniconda3/envs/datasets/lib/python3.10/site-packages/numpy/__init__.py", line 361, in __getattr__
    import numpy.f2py as f2py
  File "/mnt/NAS/VENV/user-conda/joe/miniconda3/envs/datasets/lib/python3.10/site-packages/numpy/f2py/__init__.py", line 18, in <module>
    from . import f2py2e
  File "/mnt/NAS/VENV/user-conda/joe/miniconda3/envs/datasets/lib/python3.10/site-packages/numpy/f2py/f2py2e.py", line 19, in <module>
    from . import crackfortran
  File "/mnt/NAS/VENV/user-conda/joe/miniconda3/envs/datasets/lib/python3.10/site-packages/numpy/f2py/crackfortran.py", line 1610, in <module>
    lenkindpattern = re.compile(
  File "/mnt/NAS/VENV/user-conda/joe/miniconda3/envs/datasets/lib/python3.10/re.py", line 251, in compile
    return _compile(pattern, flags)
  File "/mnt/NAS/VENV/user-conda/joe/miniconda3/envs/datasets/lib/python3.10/re.py", line 303, in _compile
    p = sre_compile.compile(pattern, flags)
  File "/mnt/NAS/VENV/user-conda/joe/miniconda3/envs/datasets/lib/python3.10/sre_compile.py", line 788, in compile
    p = sre_parse.parse(p, flags)
  File "/mnt/NAS/VENV/user-conda/joe/miniconda3/envs/datasets/lib/python3.10/sre_parse.py", line 955, in parse
    p = _parse_sub(source, state, flags & SRE_FLAG_VERBOSE, 0)
  File "/mnt/NAS/VENV/user-conda/joe/miniconda3/envs/datasets/lib/python3.10/sre_parse.py", line 444, in _parse_sub
    itemsappend(_parse(source, state, verbose, nested + 1,
  File "/mnt/NAS/VENV/user-conda/joe/miniconda3/envs/datasets/lib/python3.10/sre_parse.py", line 841, in _parse
    p = _parse_sub(source, state, sub_verbose, nested + 1)
  File "/mnt/NAS/VENV/user-conda/joe/miniconda3/envs/datasets/lib/python3.10/sre_parse.py", line 444, in _parse_sub
    itemsappend(_parse(source, state, verbose, nested + 1,
  File "/mnt/NAS/VENV/user-conda/joe/miniconda3/envs/datasets/lib/python3.10/sre_parse.py", line 841, in _parse
    p = _parse_sub(source, state, sub_verbose, nested + 1)
  File "/mnt/NAS/VENV/user-conda/joe/miniconda3/envs/datasets/lib/python3.10/sre_parse.py", line 446, in _parse_sub
    if not sourcematch("|"):
  File "/mnt/NAS/VENV/user-conda/joe/miniconda3/envs/datasets/lib/python3.10/sre_parse.py", line 252, in match
    self.__next()
  File "/mnt/NAS/VENV/user-conda/joe/miniconda3/envs/datasets/lib/python3.10/sre_parse.py", line 248, in __next
    self.index = index + 1
TypeError: unsupported operand type(s) for +: 'Tokenizer' and 'int'
